<?xml version="1.0" encoding="UTF-8"?>
<!-- Generated by org.testng.reporters.JUnitReportReporter -->
<testsuite hostname="LAPTOP-ICRKDLDS" failures="0" tests="2" name="com.jobapp.TestCase.VerifyUserLogin" time="2.347" errors="0" timestamp="2021-03-09T08:30:36 IST" skipped="0">
  <testcase classname="com.jobapp.TestCase.VerifyUserLogin" name="verifyValidUserLogin" time="0.146"/>
  <testcase classname="com.jobapp.TestCase.VerifyUserLogin" name="verifyInValidUserLogin" time="2.201"/>
</testsuite> <!-- com.jobapp.TestCase.VerifyUserLogin -->
