<?xml version="1.0" encoding="UTF-8"?>
<!-- Generated by org.testng.reporters.JUnitReportReporter -->
<testsuite hostname="LAPTOP-ICRKDLDS" failures="0" tests="1" name="com.jobapp.TestCase.VerifyJobCardDetailsPage" time="11.037" errors="0" timestamp="2021-03-09T08:30:36 IST" skipped="0">
  <testcase classname="com.jobapp.TestCase.VerifyJobCardDetailsPage" name="verifyJobCardDetailPageFunctionality" time="11.037"/>
</testsuite> <!-- com.jobapp.TestCase.VerifyJobCardDetailsPage -->
