<?xml version="1.0" encoding="UTF-8"?>
<!-- Generated by org.testng.reporters.JUnitReportReporter -->
<testsuite hostname="LAPTOP-ICRKDLDS" failures="0" tests="1" name="com.jobapp.test.VerifyUserLogin" time="4.813" errors="0" timestamp="2021-03-07T06:32:46 IST" skipped="0">
  <testcase classname="com.jobapp.test.VerifyUserLogin" name="verifyValidLoogin" time="4.813"/>
</testsuite> <!-- com.jobapp.test.VerifyUserLogin -->
