<?xml version="1.0" encoding="UTF-8"?>
<!-- Generated by org.testng.reporters.JUnitReportReporter -->
<testsuite hostname="LAPTOP-ICRKDLDS" failures="0" tests="1" name="com.jobapp.TestCase.VerifySearchPage" time="3.296" errors="0" timestamp="2021-03-09T08:30:36 IST" skipped="0">
  <testcase classname="com.jobapp.TestCase.VerifySearchPage" name="verifySearchFunctionality" time="3.296"/>
</testsuite> <!-- com.jobapp.TestCase.VerifySearchPage -->
